This file contains any messages produced by compilers while
running configure, to aid debugging if configure makes a mistake.

It was created by QRencode configure 3.9.0, which was
generated by GNU Autoconf 2.69.  Invocation command line was

  $ ./configure 

## --------- ##
## Platform. ##
## --------- ##

hostname = Bitillionaire
uname -m = x86_64
uname -r = 3.19.0-15-generic
uname -s = Linux
uname -v = #15-Ubuntu SMP Thu Apr 16 23:32:37 UTC 2015

/usr/bin/uname -p = unknown
/bin/uname -X     = unknown

/bin/arch              = unknown
/usr/bin/arch -k       = unknown
/usr/convex/getsysinfo = unknown
/usr/bin/hostinfo      = unknown
/bin/machine           = unknown
/usr/bin/oslevel       = unknown
/bin/universe          = unknown

PATH: /usr/local/sbin
PATH: /usr/local/bin
PATH: /usr/sbin
PATH: /usr/bin
PATH: /sbin
PATH: /bin
PATH: /usr/games
PATH: /usr/local/games
PATH: /usr/lib/jvm/java-7-oracle/bin
PATH: /usr/lib/jvm/java-7-oracle/db/bin
PATH: /usr/lib/jvm/java-7-oracle/jre/bin


## ----------- ##
## Core tests. ##
## ----------- ##

configure:2238: checking build system type
configure:2252: result: x86_64-unknown-linux-gnu
configure:2272: checking host system type
configure:2285: result: x86_64-unknown-linux-gnu
configure:2305: checking target system type
configure:2318: result: x86_64-unknown-linux-gnu
configure:2361: checking for a BSD-compatible install
configure:2429: result: /usr/bin/install -c
configure:2440: checking whether build environment is sane
configure:2495: result: yes
configure:2646: checking for a thread-safe mkdir -p
configure:2685: result: /bin/mkdir -p
configure:2692: checking for gawk
configure:2708: found /usr/bin/gawk
configure:2719: result: gawk
configure:2730: checking whether make sets $(MAKE)
configure:2752: result: yes
configure:2781: checking whether make supports nested variables
configure:2798: result: yes
configure:2968: checking for style of include used by make
configure:2996: result: GNU
configure:3067: checking for gcc
configure:3083: found /usr/bin/gcc
configure:3094: result: gcc
configure:3323: checking for C compiler version
configure:3332: gcc --version >&5
gcc (Ubuntu 4.9.2-10ubuntu13) 4.9.2
Copyright (C) 2014 Free Software Foundation, Inc.
This is free software; see the source for copying conditions.  There is NO
warranty; not even for MERCHANTABILITY or FITNESS FOR A PARTICULAR PURPOSE.

configure:3343: $? = 0
configure:3332: gcc -v >&5
Using built-in specs.
COLLECT_GCC=gcc
COLLECT_LTO_WRAPPER=/usr/lib/gcc/x86_64-linux-gnu/4.9/lto-wrapper
Target: x86_64-linux-gnu
Configured with: ../src/configure -v --with-pkgversion='Ubuntu 4.9.2-10ubuntu13' --with-bugurl=file:///usr/share/doc/gcc-4.9/README.Bugs --enable-languages=c,c++,java,go,d,fortran,objc,obj-c++ --prefix=/usr --program-suffix=-4.9 --enable-shared --enable-linker-build-id --libexecdir=/usr/lib --without-included-gettext --enable-threads=posix --with-gxx-include-dir=/usr/include/c++/4.9 --libdir=/usr/lib --enable-nls --with-sysroot=/ --enable-clocale=gnu --enable-libstdcxx-debug --enable-libstdcxx-time=yes --enable-gnu-unique-object --disable-vtable-verify --enable-plugin --with-system-zlib --disable-browser-plugin --enable-java-awt=gtk --enable-gtk-cairo --with-java-home=/usr/lib/jvm/java-1.5.0-gcj-4.9-amd64/jre --enable-java-home --with-jvm-root-dir=/usr/lib/jvm/java-1.5.0-gcj-4.9-amd64 --with-jvm-jar-dir=/usr/lib/jvm-exports/java-1.5.0-gcj-4.9-amd64 --with-arch-directory=amd64 --with-ecj-jar=/usr/share/java/eclipse-ecj.jar --enable-objc-gc --enable-multiarch --disable-werror --with-arch-32=i686 --with-abi=m64 --with-multilib-list=m32,m64,mx32 --enable-multilib --with-tune=generic --enable-checking=release --build=x86_64-linux-gnu --host=x86_64-linux-gnu --target=x86_64-linux-gnu
Thread model: posix
gcc version 4.9.2 (Ubuntu 4.9.2-10ubuntu13) 
configure:3343: $? = 0
configure:3332: gcc -V >&5
gcc: error: unrecognized command line option '-V'
gcc: fatal error: no input files
compilation terminated.
configure:3343: $? = 4
configure:3332: gcc -qversion >&5
gcc: error: unrecognized command line option '-qversion'
gcc: fatal error: no input files
compilation terminated.
configure:3343: $? = 4
configure:3363: checking whether the C compiler works
configure:3385: gcc    conftest.c  >&5
configure:3389: $? = 0
configure:3437: result: yes
configure:3440: checking for C compiler default output file name
configure:3442: result: a.out
configure:3448: checking for suffix of executables
configure:3455: gcc -o conftest    conftest.c  >&5
configure:3459: $? = 0
configure:3481: result: 
configure:3503: checking whether we are cross compiling
configure:3511: gcc -o conftest    conftest.c  >&5
configure:3515: $? = 0
configure:3522: ./conftest
configure:3526: $? = 0
configure:3541: result: no
configure:3546: checking for suffix of object files
configure:3568: gcc -c   conftest.c >&5
configure:3572: $? = 0
configure:3593: result: o
configure:3597: checking whether we are using the GNU C compiler
configure:3616: gcc -c   conftest.c >&5
configure:3616: $? = 0
configure:3625: result: yes
configure:3634: checking whether gcc accepts -g
configure:3654: gcc -c -g  conftest.c >&5
configure:3654: $? = 0
configure:3695: result: yes
configure:3712: checking for gcc option to accept ISO C89
configure:3775: gcc  -c -g -O2  conftest.c >&5
configure:3775: $? = 0
configure:3788: result: none needed
configure:3813: checking whether gcc understands -c and -o together
configure:3835: gcc -c conftest.c -o conftest2.o
configure:3838: $? = 0
configure:3835: gcc -c conftest.c -o conftest2.o
configure:3838: $? = 0
configure:3850: result: yes
configure:3869: checking dependency style of gcc
configure:3980: result: gcc3
configure:3996: checking for an ANSI C-conforming const
configure:4062: gcc -c -g -O2  conftest.c >&5
configure:4062: $? = 0
configure:4069: result: yes
configure:4077: checking for inline
configure:4093: gcc -c -g -O2  conftest.c >&5
configure:4093: $? = 0
configure:4101: result: inline
configure:4124: checking how to run the C preprocessor
configure:4155: gcc -E  conftest.c
configure:4155: $? = 0
configure:4169: gcc -E  conftest.c
conftest.c:14:28: fatal error: ac_nonexistent.h: No such file or directory
 #include <ac_nonexistent.h>
                            ^
compilation terminated.
configure:4169: $? = 1
configure: failed program was:
| /* confdefs.h */
| #define PACKAGE_NAME "QRencode"
| #define PACKAGE_TARNAME "qrencode"
| #define PACKAGE_VERSION "3.9.0"
| #define PACKAGE_STRING "QRencode 3.9.0"
| #define PACKAGE_BUGREPORT ""
| #define PACKAGE_URL ""
| #define MAJOR_VERSION 3
| #define MINOR_VERSION 9
| #define MICRO_VERSION 0
| #define PACKAGE "qrencode"
| #define VERSION "3.9.0"
| /* end confdefs.h.  */
| #include <ac_nonexistent.h>
configure:4194: result: gcc -E
configure:4214: gcc -E  conftest.c
configure:4214: $? = 0
configure:4228: gcc -E  conftest.c
conftest.c:14:28: fatal error: ac_nonexistent.h: No such file or directory
 #include <ac_nonexistent.h>
                            ^
compilation terminated.
configure:4228: $? = 1
configure: failed program was:
| /* confdefs.h */
| #define PACKAGE_NAME "QRencode"
| #define PACKAGE_TARNAME "qrencode"
| #define PACKAGE_VERSION "3.9.0"
| #define PACKAGE_STRING "QRencode 3.9.0"
| #define PACKAGE_BUGREPORT ""
| #define PACKAGE_URL ""
| #define MAJOR_VERSION 3
| #define MINOR_VERSION 9
| #define MICRO_VERSION 0
| #define PACKAGE "qrencode"
| #define VERSION "3.9.0"
| /* end confdefs.h.  */
| #include <ac_nonexistent.h>
configure:4257: checking for grep that handles long lines and -e
configure:4315: result: /bin/grep
configure:4320: checking for egrep
configure:4382: result: /bin/grep -E
configure:4387: checking for ANSI C header files
configure:4407: gcc -c -g -O2  conftest.c >&5
configure:4407: $? = 0
configure:4480: gcc -o conftest -g -O2   conftest.c  >&5
configure:4480: $? = 0
configure:4480: ./conftest
configure:4480: $? = 0
configure:4491: result: yes
configure:4548: checking for gcc
configure:4575: result: gcc
configure:4804: checking for C compiler version
configure:4813: gcc --version >&5
gcc (Ubuntu 4.9.2-10ubuntu13) 4.9.2
Copyright (C) 2014 Free Software Foundation, Inc.
This is free software; see the source for copying conditions.  There is NO
warranty; not even for MERCHANTABILITY or FITNESS FOR A PARTICULAR PURPOSE.

configure:4824: $? = 0
configure:4813: gcc -v >&5
Using built-in specs.
COLLECT_GCC=gcc
COLLECT_LTO_WRAPPER=/usr/lib/gcc/x86_64-linux-gnu/4.9/lto-wrapper
Target: x86_64-linux-gnu
Configured with: ../src/configure -v --with-pkgversion='Ubuntu 4.9.2-10ubuntu13' --with-bugurl=file:///usr/share/doc/gcc-4.9/README.Bugs --enable-languages=c,c++,java,go,d,fortran,objc,obj-c++ --prefix=/usr --program-suffix=-4.9 --enable-shared --enable-linker-build-id --libexecdir=/usr/lib --without-included-gettext --enable-threads=posix --with-gxx-include-dir=/usr/include/c++/4.9 --libdir=/usr/lib --enable-nls --with-sysroot=/ --enable-clocale=gnu --enable-libstdcxx-debug --enable-libstdcxx-time=yes --enable-gnu-unique-object --disable-vtable-verify --enable-plugin --with-system-zlib --disable-browser-plugin --enable-java-awt=gtk --enable-gtk-cairo --with-java-home=/usr/lib/jvm/java-1.5.0-gcj-4.9-amd64/jre --enable-java-home --with-jvm-root-dir=/usr/lib/jvm/java-1.5.0-gcj-4.9-amd64 --with-jvm-jar-dir=/usr/lib/jvm-exports/java-1.5.0-gcj-4.9-amd64 --with-arch-directory=amd64 --with-ecj-jar=/usr/share/java/eclipse-ecj.jar --enable-objc-gc --enable-multiarch --disable-werror --with-arch-32=i686 --with-abi=m64 --with-multilib-list=m32,m64,mx32 --enable-multilib --with-tune=generic --enable-checking=release --build=x86_64-linux-gnu --host=x86_64-linux-gnu --target=x86_64-linux-gnu
Thread model: posix
gcc version 4.9.2 (Ubuntu 4.9.2-10ubuntu13) 
configure:4824: $? = 0
configure:4813: gcc -V >&5
gcc: error: unrecognized command line option '-V'
gcc: fatal error: no input files
compilation terminated.
configure:4824: $? = 4
configure:4813: gcc -qversion >&5
gcc: error: unrecognized command line option '-qversion'
gcc: fatal error: no input files
compilation terminated.
configure:4824: $? = 4
configure:4828: checking whether we are using the GNU C compiler
configure:4856: result: yes
configure:4865: checking whether gcc accepts -g
configure:4926: result: yes
configure:4943: checking for gcc option to accept ISO C89
configure:5019: result: none needed
configure:5044: checking whether gcc understands -c and -o together
configure:5081: result: yes
configure:5100: checking dependency style of gcc
configure:5211: result: gcc3
configure:5274: checking how to print strings
configure:5301: result: printf
configure:5322: checking for a sed that does not truncate output
configure:5386: result: /bin/sed
configure:5404: checking for fgrep
configure:5466: result: /bin/grep -F
configure:5501: checking for ld used by gcc
configure:5568: result: /usr/bin/ld
configure:5575: checking if the linker (/usr/bin/ld) is GNU ld
configure:5590: result: yes
configure:5602: checking for BSD- or MS-compatible name lister (nm)
configure:5651: result: /usr/bin/nm -B
configure:5781: checking the name lister (/usr/bin/nm -B) interface
configure:5788: gcc -c -g -O2  conftest.c >&5
configure:5791: /usr/bin/nm -B "conftest.o"
configure:5794: output
0000000000000000 B some_variable
configure:5801: result: BSD nm
configure:5804: checking whether ln -s works
configure:5808: result: yes
configure:5816: checking the maximum length of command line arguments
configure:5947: result: 1572864
configure:5964: checking whether the shell understands some XSI constructs
configure:5974: result: yes
configure:5978: checking whether the shell understands "+="
configure:5984: result: yes
configure:6019: checking how to convert x86_64-unknown-linux-gnu file names to x86_64-unknown-linux-gnu format
configure:6059: result: func_convert_file_noop
configure:6066: checking how to convert x86_64-unknown-linux-gnu file names to toolchain format
configure:6086: result: func_convert_file_noop
configure:6093: checking for /usr/bin/ld option to reload object files
configure:6100: result: -r
configure:6174: checking for objdump
configure:6190: found /usr/bin/objdump
configure:6201: result: objdump
configure:6233: checking how to recognize dependent libraries
configure:6431: result: pass_all
configure:6516: checking for dlltool
configure:6546: result: no
configure:6576: checking how to associate runtime and link libraries
configure:6603: result: printf %s\n
configure:6663: checking for ar
configure:6679: found /usr/bin/ar
configure:6690: result: ar
configure:6727: checking for archiver @FILE support
configure:6744: gcc -c -g -O2  conftest.c >&5
configure:6744: $? = 0
configure:6747: ar cru libconftest.a @conftest.lst >&5
configure:6750: $? = 0
configure:6755: ar cru libconftest.a @conftest.lst >&5
ar: conftest.o: No such file or directory
configure:6758: $? = 1
configure:6770: result: @
configure:6828: checking for strip
configure:6844: found /usr/bin/strip
configure:6855: result: strip
configure:6927: checking for ranlib
configure:6943: found /usr/bin/ranlib
configure:6954: result: ranlib
configure:7056: checking command to parse /usr/bin/nm -B output from gcc object
configure:7176: gcc -c -g -O2  conftest.c >&5
configure:7179: $? = 0
configure:7183: /usr/bin/nm -B conftest.o \| sed -n -e 's/^.*[ ]\([ABCDGIRSTW][ABCDGIRSTW]*\)[ ][ ]*\([_A-Za-z][_A-Za-z0-9]*\)$/\1 \2 \2/p' | sed '/ __gnu_lto/d' \> conftest.nm
configure:7186: $? = 0
configure:7252: gcc -o conftest -g -O2   conftest.c conftstm.o >&5
configure:7255: $? = 0
configure:7293: result: ok
configure:7330: checking for sysroot
configure:7360: result: no
configure:7437: gcc -c -g -O2  conftest.c >&5
configure:7440: $? = 0
configure:7629: checking for mt
configure:7645: found /bin/mt
configure:7656: result: mt
configure:7679: checking if mt is a manifest tool
configure:7685: mt '-?'
configure:7693: result: no
configure:8335: checking for sys/types.h
configure:8335: gcc -c -g -O2  conftest.c >&5
configure:8335: $? = 0
configure:8335: result: yes
configure:8335: checking for sys/stat.h
configure:8335: gcc -c -g -O2  conftest.c >&5
configure:8335: $? = 0
configure:8335: result: yes
configure:8335: checking for stdlib.h
configure:8335: gcc -c -g -O2  conftest.c >&5
configure:8335: $? = 0
configure:8335: result: yes
configure:8335: checking for string.h
configure:8335: gcc -c -g -O2  conftest.c >&5
configure:8335: $? = 0
configure:8335: result: yes
configure:8335: checking for memory.h
configure:8335: gcc -c -g -O2  conftest.c >&5
configure:8335: $? = 0
configure:8335: result: yes
configure:8335: checking for strings.h
configure:8335: gcc -c -g -O2  conftest.c >&5
configure:8335: $? = 0
configure:8335: result: yes
configure:8335: checking for inttypes.h
configure:8335: gcc -c -g -O2  conftest.c >&5
configure:8335: $? = 0
configure:8335: result: yes
configure:8335: checking for stdint.h
configure:8335: gcc -c -g -O2  conftest.c >&5
configure:8335: $? = 0
configure:8335: result: yes
configure:8335: checking for unistd.h
configure:8335: gcc -c -g -O2  conftest.c >&5
configure:8335: $? = 0
configure:8335: result: yes
configure:8349: checking for dlfcn.h
configure:8349: gcc -c -g -O2  conftest.c >&5
configure:8349: $? = 0
configure:8349: result: yes
configure:8525: checking for objdir
configure:8540: result: .libs
configure:8807: checking if gcc supports -fno-rtti -fno-exceptions
configure:8825: gcc -c -g -O2  -fno-rtti -fno-exceptions conftest.c >&5
cc1: warning: command line option '-fno-rtti' is valid for C++/ObjC++ but not for C
configure:8829: $? = 0
configure:8842: result: no
configure:9169: checking for gcc option to produce PIC
configure:9176: result: -fPIC -DPIC
configure:9184: checking if gcc PIC flag -fPIC -DPIC works
configure:9202: gcc -c -g -O2  -fPIC -DPIC -DPIC conftest.c >&5
configure:9206: $? = 0
configure:9219: result: yes
configure:9248: checking if gcc static flag -static works
configure:9276: result: yes
configure:9291: checking if gcc supports -c -o file.o
configure:9312: gcc -c -g -O2  -o out/conftest2.o conftest.c >&5
configure:9316: $? = 0
configure:9338: result: yes
configure:9346: checking if gcc supports -c -o file.o
configure:9393: result: yes
configure:9426: checking whether the gcc linker (/usr/bin/ld -m elf_x86_64) supports shared libraries
configure:10583: result: yes
configure:10620: checking whether -lc should be explicitly linked in
configure:10628: gcc -c -g -O2  conftest.c >&5
configure:10631: $? = 0
configure:10646: gcc -shared  -fPIC -DPIC conftest.o  -v -Wl,-soname -Wl,conftest -o conftest 2\>\&1 \| /bin/grep  -lc  \>/dev/null 2\>\&1
configure:10649: $? = 0
configure:10663: result: no
configure:10823: checking dynamic linker characteristics
configure:11323: gcc -o conftest -g -O2   -Wl,-rpath -Wl,/foo conftest.c  >&5
configure:11323: $? = 0
configure:11557: result: GNU/Linux ld.so
configure:11664: checking how to hardcode library paths into programs
configure:11689: result: immediate
configure:12229: checking whether stripping libraries is possible
configure:12234: result: yes
configure:12269: checking if libtool supports shared libraries
configure:12271: result: yes
configure:12274: checking whether to build shared libraries
configure:12295: result: yes
configure:12298: checking whether to build static libraries
configure:12302: result: no
configure:12382: checking for ranlib
configure:12409: result: ranlib
configure:12485: checking for pkg-config
configure:12503: found /usr/bin/pkg-config
configure:12515: result: /usr/bin/pkg-config
configure:12540: checking pkg-config is at least version 0.9.0
configure:12543: result: yes
configure:12557: checking for strdup
configure:12557: gcc -o conftest -g -O2   conftest.c  >&5
conftest.c:49:6: warning: conflicting types for built-in function 'strdup'
 char strdup ();
      ^
configure:12557: $? = 0
configure:12557: result: yes
configure:12576: checking for pthread_mutex_init in -lpthread
configure:12601: gcc -o conftest -g -O2   conftest.c -lpthread   >&5
configure:12601: $? = 0
configure:12610: result: yes
configure:12655: checking for png
configure:12662: $PKG_CONFIG --exists --print-errors ""libpng""
configure:12665: $? = 0
configure:12679: $PKG_CONFIG --exists --print-errors ""libpng""
configure:12682: $? = 0
configure:12722: result: yes
configure:13976: checking that generated files are newer than configure
configure:13982: result: done
configure:14029: creating ./config.status

## ---------------------- ##
## Running config.status. ##
## ---------------------- ##

This file was extended by QRencode config.status 3.9.0, which was
generated by GNU Autoconf 2.69.  Invocation command line was

  CONFIG_FILES    = 
  CONFIG_HEADERS  = 
  CONFIG_LINKS    = 
  CONFIG_COMMANDS = 
  $ ./config.status 

on Bitillionaire

config.status:1118: creating Makefile
config.status:1118: creating libqrencode.pc
config.status:1118: creating tests/Makefile
config.status:1118: creating qrencode.spec
config.status:1118: creating qrencode.1
config.status:1118: creating config.h
config.status:1299: config.h is unchanged
config.status:1347: executing depfiles commands
config.status:1347: executing libtool commands

## ---------------- ##
## Cache variables. ##
## ---------------- ##

ac_cv_build=x86_64-unknown-linux-gnu
ac_cv_c_compiler_gnu=yes
ac_cv_c_const=yes
ac_cv_c_inline=inline
ac_cv_env_CC_set=
ac_cv_env_CC_value=
ac_cv_env_CFLAGS_set=
ac_cv_env_CFLAGS_value=
ac_cv_env_CPPFLAGS_set=
ac_cv_env_CPPFLAGS_value=
ac_cv_env_CPP_set=
ac_cv_env_CPP_value=
ac_cv_env_LDFLAGS_set=
ac_cv_env_LDFLAGS_value=
ac_cv_env_LIBS_set=
ac_cv_env_LIBS_value=
ac_cv_env_PKG_CONFIG_LIBDIR_set=
ac_cv_env_PKG_CONFIG_LIBDIR_value=
ac_cv_env_PKG_CONFIG_PATH_set=
ac_cv_env_PKG_CONFIG_PATH_value=
ac_cv_env_PKG_CONFIG_set=
ac_cv_env_PKG_CONFIG_value=
ac_cv_env_SDL_CFLAGS_set=
ac_cv_env_SDL_CFLAGS_value=
ac_cv_env_SDL_LIBS_set=
ac_cv_env_SDL_LIBS_value=
ac_cv_env_build_alias_set=
ac_cv_env_build_alias_value=
ac_cv_env_host_alias_set=
ac_cv_env_host_alias_value=
ac_cv_env_png_CFLAGS_set=
ac_cv_env_png_CFLAGS_value=
ac_cv_env_png_LIBS_set=
ac_cv_env_png_LIBS_value=
ac_cv_env_target_alias_set=
ac_cv_env_target_alias_value=
ac_cv_func_strdup=yes
ac_cv_header_dlfcn_h=yes
ac_cv_header_inttypes_h=yes
ac_cv_header_memory_h=yes
ac_cv_header_stdc=yes
ac_cv_header_stdint_h=yes
ac_cv_header_stdlib_h=yes
ac_cv_header_string_h=yes
ac_cv_header_strings_h=yes
ac_cv_header_sys_stat_h=yes
ac_cv_header_sys_types_h=yes
ac_cv_header_unistd_h=yes
ac_cv_host=x86_64-unknown-linux-gnu
ac_cv_lib_pthread_pthread_mutex_init=yes
ac_cv_objext=o
ac_cv_path_EGREP='/bin/grep -E'
ac_cv_path_FGREP='/bin/grep -F'
ac_cv_path_GREP=/bin/grep
ac_cv_path_SED=/bin/sed
ac_cv_path_ac_pt_PKG_CONFIG=/usr/bin/pkg-config
ac_cv_path_install='/usr/bin/install -c'
ac_cv_path_mkdir=/bin/mkdir
ac_cv_prog_AWK=gawk
ac_cv_prog_CPP='gcc -E'
ac_cv_prog_ac_ct_AR=ar
ac_cv_prog_ac_ct_CC=gcc
ac_cv_prog_ac_ct_MANIFEST_TOOL=mt
ac_cv_prog_ac_ct_OBJDUMP=objdump
ac_cv_prog_ac_ct_RANLIB=ranlib
ac_cv_prog_ac_ct_STRIP=strip
ac_cv_prog_cc_c89=
ac_cv_prog_cc_g=yes
ac_cv_prog_make_make_set=yes
ac_cv_target=x86_64-unknown-linux-gnu
am_cv_CC_dependencies_compiler_type=gcc3
am_cv_make_support_nested_variables=yes
am_cv_prog_cc_c_o=yes
lt_cv_ar_at_file=@
lt_cv_archive_cmds_need_lc=no
lt_cv_deplibs_check_method=pass_all
lt_cv_file_magic_cmd='$MAGIC_CMD'
lt_cv_file_magic_test_file=
lt_cv_ld_reload_flag=-r
lt_cv_nm_interface='BSD nm'
lt_cv_objdir=.libs
lt_cv_path_LD=/usr/bin/ld
lt_cv_path_NM='/usr/bin/nm -B'
lt_cv_path_mainfest_tool=no
lt_cv_prog_compiler_c_o=yes
lt_cv_prog_compiler_pic='-fPIC -DPIC'
lt_cv_prog_compiler_pic_works=yes
lt_cv_prog_compiler_rtti_exceptions=no
lt_cv_prog_compiler_static_works=yes
lt_cv_prog_gnu_ld=yes
lt_cv_sharedlib_from_linklib_cmd='printf %s\n'
lt_cv_shlibpath_overrides_runpath=no
lt_cv_sys_global_symbol_pipe='sed -n -e '\''s/^.*[	 ]\([ABCDGIRSTW][ABCDGIRSTW]*\)[	 ][	 ]*\([_A-Za-z][_A-Za-z0-9]*\)$/\1 \2 \2/p'\'' | sed '\''/ __gnu_lto/d'\'''
lt_cv_sys_global_symbol_to_c_name_address='sed -n -e '\''s/^: \([^ ]*\)[ ]*$/  {\"\1\", (void *) 0},/p'\'' -e '\''s/^[ABCDGIRSTW]* \([^ ]*\) \([^ ]*\)$/  {"\2", (void *) \&\2},/p'\'''
lt_cv_sys_global_symbol_to_c_name_address_lib_prefix='sed -n -e '\''s/^: \([^ ]*\)[ ]*$/  {\"\1\", (void *) 0},/p'\'' -e '\''s/^[ABCDGIRSTW]* \([^ ]*\) \(lib[^ ]*\)$/  {"\2", (void *) \&\2},/p'\'' -e '\''s/^[ABCDGIRSTW]* \([^ ]*\) \([^ ]*\)$/  {"lib\2", (void *) \&\2},/p'\'''
lt_cv_sys_global_symbol_to_cdecl='sed -n -e '\''s/^T .* \(.*\)$/extern int \1();/p'\'' -e '\''s/^[ABCDGIRSTW]* .* \(.*\)$/extern char \1;/p'\'''
lt_cv_sys_max_cmd_len=1572864
lt_cv_to_host_file_cmd=func_convert_file_noop
lt_cv_to_tool_file_cmd=func_convert_file_noop
pkg_cv_png_CFLAGS='-I/usr/include/libpng12 '
pkg_cv_png_LIBS='-lpng12 '

## ----------------- ##
## Output variables. ##
## ----------------- ##

ACLOCAL='${SHELL} /home/phm/Desktop/current-code/woodcoin/contrib/libqrencode/use/missing aclocal-1.14'
AMDEPBACKSLASH='\'
AMDEP_FALSE='#'
AMDEP_TRUE=''
AMTAR='$${TAR-tar}'
AM_BACKSLASH='\'
AM_DEFAULT_V='$(AM_DEFAULT_VERBOSITY)'
AM_DEFAULT_VERBOSITY='1'
AM_V='$(V)'
AR='ar'
AUTOCONF='${SHELL} /home/phm/Desktop/current-code/woodcoin/contrib/libqrencode/use/missing autoconf'
AUTOHEADER='${SHELL} /home/phm/Desktop/current-code/woodcoin/contrib/libqrencode/use/missing autoheader'
AUTOMAKE='${SHELL} /home/phm/Desktop/current-code/woodcoin/contrib/libqrencode/use/missing automake-1.14'
AWK='gawk'
BUILD_TESTS_FALSE=''
BUILD_TESTS_TRUE='#'
BUILD_TOOLS_FALSE='#'
BUILD_TOOLS_TRUE=''
CC='gcc'
CCDEPMODE='depmode=gcc3'
CFLAGS='-Wall -g -O2 -pthread'
CPP='gcc -E'
CPPFLAGS=''
CYGPATH_W='echo'
DEFS='-DHAVE_CONFIG_H'
DEPDIR='.deps'
DLLTOOL='false'
DSYMUTIL=''
DUMPBIN=''
ECHO_C=''
ECHO_N='-n'
ECHO_T=''
EGREP='/bin/grep -E'
EXEEXT=''
FGREP='/bin/grep -F'
GREP='/bin/grep'
HAVE_LIBPTHREAD_FALSE='#'
HAVE_LIBPTHREAD_TRUE=''
HAVE_PNG_FALSE='#'
HAVE_PNG_TRUE=''
HAVE_SDL_FALSE=''
HAVE_SDL_TRUE='#'
INSTALL_DATA='${INSTALL} -m 644'
INSTALL_PROGRAM='${INSTALL}'
INSTALL_SCRIPT='${INSTALL}'
INSTALL_STRIP_PROGRAM='$(install_sh) -c -s'
LD='/usr/bin/ld -m elf_x86_64'
LDFLAGS=''
LIBICONV=''
LIBOBJS=''
LIBPTHREAD='-lpthread'
LIBS=''
LIBTOOL='$(SHELL) $(top_builddir)/libtool'
LIPO=''
LN_S='ln -s'
LTLIBICONV=''
LTLIBOBJS=''
MAJOR_VERSION='3'
MAKEINFO='${SHELL} /home/phm/Desktop/current-code/woodcoin/contrib/libqrencode/use/missing makeinfo'
MANIFEST_TOOL=':'
MICRO_VERSION='0'
MINOR_VERSION='9'
MKDIR_P='/bin/mkdir -p'
NM='/usr/bin/nm -B'
NMEDIT=''
OBJDUMP='objdump'
OBJEXT='o'
OTOOL64=''
OTOOL=''
PACKAGE='qrencode'
PACKAGE_BUGREPORT=''
PACKAGE_NAME='QRencode'
PACKAGE_STRING='QRencode 3.9.0'
PACKAGE_TARNAME='qrencode'
PACKAGE_URL=''
PACKAGE_VERSION='3.9.0'
PATH_SEPARATOR=':'
PKG_CONFIG='/usr/bin/pkg-config'
PKG_CONFIG_LIBDIR=''
PKG_CONFIG_PATH=''
RANLIB='ranlib'
SDL_CFLAGS=''
SDL_LIBS=''
SED='/bin/sed'
SET_MAKE=''
SHELL='/bin/bash'
STRIP='strip'
VERSION='3.9.0'
ac_ct_AR='ar'
ac_ct_CC='gcc'
ac_ct_DUMPBIN=''
am__EXEEXT_FALSE=''
am__EXEEXT_TRUE='#'
am__fastdepCC_FALSE='#'
am__fastdepCC_TRUE=''
am__include='include'
am__isrc=''
am__leading_dot='.'
am__nodep='_no'
am__quote=''
am__tar='$${TAR-tar} chof - "$$tardir"'
am__untar='$${TAR-tar} xf -'
bindir='${exec_prefix}/bin'
build='x86_64-unknown-linux-gnu'
build_alias=''
build_cpu='x86_64'
build_os='linux-gnu'
build_vendor='unknown'
datadir='${datarootdir}'
datarootdir='${prefix}/share'
docdir='${datarootdir}/doc/${PACKAGE_TARNAME}'
dvidir='${docdir}'
exec_prefix='${prefix}'
host='x86_64-unknown-linux-gnu'
host_alias=''
host_cpu='x86_64'
host_os='linux-gnu'
host_vendor='unknown'
htmldir='${docdir}'
includedir='${prefix}/include'
infodir='${datarootdir}/info'
install_sh='${SHELL} /home/phm/Desktop/current-code/woodcoin/contrib/libqrencode/use/install-sh'
libdir='${exec_prefix}/lib'
libexecdir='${exec_prefix}/libexec'
localedir='${datarootdir}/locale'
localstatedir='${prefix}/var'
mandir='${datarootdir}/man'
mkdir_p='$(MKDIR_P)'
oldincludedir='/usr/include'
pdfdir='${docdir}'
png_CFLAGS='-I/usr/include/libpng12 '
png_LIBS='-lpng12 '
prefix='/usr/local'
program_transform_name='s,x,x,'
psdir='${docdir}'
sbindir='${exec_prefix}/sbin'
sharedstatedir='${prefix}/com'
sysconfdir='${prefix}/etc'
target='x86_64-unknown-linux-gnu'
target_alias=''
target_cpu='x86_64'
target_os='linux-gnu'
target_vendor='unknown'

## ----------- ##
## confdefs.h. ##
## ----------- ##

/* confdefs.h */
#define PACKAGE_NAME "QRencode"
#define PACKAGE_TARNAME "qrencode"
#define PACKAGE_VERSION "3.9.0"
#define PACKAGE_STRING "QRencode 3.9.0"
#define PACKAGE_BUGREPORT ""
#define PACKAGE_URL ""
#define MAJOR_VERSION 3
#define MINOR_VERSION 9
#define MICRO_VERSION 0
#define PACKAGE "qrencode"
#define VERSION "3.9.0"
#define STDC_HEADERS 1
#define HAVE_SYS_TYPES_H 1
#define HAVE_SYS_STAT_H 1
#define HAVE_STDLIB_H 1
#define HAVE_STRING_H 1
#define HAVE_MEMORY_H 1
#define HAVE_STRINGS_H 1
#define HAVE_INTTYPES_H 1
#define HAVE_STDINT_H 1
#define HAVE_UNISTD_H 1
#define HAVE_DLFCN_H 1
#define LT_OBJDIR ".libs/"
#define HAVE_STRDUP 1
#define HAVE_LIBPTHREAD 1
#define HAVE_PNG 1
#define __STATIC static
/* #undef WITH_TESTS */

configure: exit 0
